<?xml version="1.0" encoding="UTF-8"?>
<!-- Generated by org.testng.reporters.JUnitXMLReporter -->
<testsuite ignored="0" hostname="DESKTOP-HGBR7TQ" failures="0" tests="4" name="Default test" time="6.912" errors="0" timestamp="2023-02-09T22:36:39 IST">
  <testcase classname="test.Logintest" name="verifyBuildTitleName" time="0.018"/>
  <testcase classname="test.Logintest" name="verifyTitleOfLoginPage" time="1.16"/>
  <testcase classname="test.Logintest" name="verifyCurrentUrlOfPage" time="0.012"/>
  <testcase classname="test.Logintest" name="verifyLoginWithCorrectCredentials" time="2.518"/>
</testsuite> <!-- Default test -->
