<?xml version="1.0" encoding="UTF-8"?>
<!-- Generated by org.testng.reporters.JUnitXMLReporter -->
<testsuite ignored="0" hostname="DESKTOP-HGBR7TQ" failures="0" tests="6" name="Default test" time="8.052" errors="0" timestamp="2023-03-15T21:49:23 IST">
  <testcase classname="test.Logintest" name="verifyaaaAA" time="0.009"/>
  <testcase classname="test.Logintest" name="verifyaaa" time="0.028"/>
  <testcase classname="test.Logintest" name="verifyBuildTitleName" time="0.014"/>
  <testcase classname="test.Logintest" name="verifyTitleOfLoginPage" time="1.066"/>
  <testcase classname="test.Logintest" name="verifyCurrentUrlOfPage" time="0.017"/>
  <testcase classname="test.Logintest" name="verifyLoginWithCorrectCredentials" time="3.037"/>
</testsuite> <!-- Default test -->
