<?xml version="1.0" encoding="UTF-8"?>
<!-- Generated by org.testng.reporters.JUnitXMLReporter -->
<testsuite ignored="2" hostname="DESKTOP-HGBR7TQ" failures="0" tests="7" name="Test" time="18.365" errors="0" timestamp="2023-02-10T19:10:35 IST">
  <testcase classname="test.Logintest" name="verifyBuildTitleName" time="0.038"/>
  <testcase classname="test.Logintest" name="verifyTitleOfLoginPage" time="0.912"/>
  <testcase classname="test.Logintest" name="verifyCurrentUrlOfPage" time="0.028"/>
  <testcase classname="test.Logintest" name="verifyLoginWithCorrectCredentials" time="3.191"/>
  <testcase classname="test.PIMTest" name="verifyPimPageTitle" time="2.176"/>
  <testcase classname="test.PIMTest" name="verifyEmpSearchEmpId" time="2.16"/>
  <testcase classname="test.PIMTest" name="TestIngChanges" time="0.002"/>
  <testcase classname="test.BaseTest" name="@BeforeSuite initBrowser" time="0.0">
    <ignored/>
  </testcase> <!-- @BeforeSuite initBrowser -->
  <testcase classname="test.BaseTest" name="@AfterSuite logoutUser" time="0.0">
    <ignored/>
  </testcase> <!-- @AfterSuite logoutUser -->
</testsuite> <!-- Test -->
