<?xml version="1.0" encoding="UTF-8"?>
<testng-results ignored="0" total="6" passed="6" failed="0" skipped="0">
  <reporter-output>
  </reporter-output>
  <suite started-at="2023-03-15T21:49:15 IST" name="Default suite" finished-at="2023-03-15T21:49:23 IST" duration-ms="8052">
    <groups>
      <group name="regression">
        <method signature="Logintest.verifyBuildTitleName()[pri:-1, instance:test.Logintest@5acf93bb]" name="verifyBuildTitleName" class="test.Logintest"/>
        <method signature="Logintest.verifyCurrentUrlOfPage()[pri:1, instance:test.Logintest@5acf93bb]" name="verifyCurrentUrlOfPage" class="test.Logintest"/>
        <method signature="Logintest.verifyLoginWithCorrectCredentials()[pri:2, instance:test.Logintest@5acf93bb]" name="verifyLoginWithCorrectCredentials" class="test.Logintest"/>
        <method signature="Logintest.verifyTitleOfLoginPage()[pri:0, instance:test.Logintest@5acf93bb]" name="verifyTitleOfLoginPage" class="test.Logintest"/>
        <method signature="Logintest.verifyaaa()[pri:-2, instance:test.Logintest@5acf93bb]" name="verifyaaa" class="test.Logintest"/>
        <method signature="Logintest.verifyaaaAA()[pri:-3, instance:test.Logintest@5acf93bb]" name="verifyaaaAA" class="test.Logintest"/>
      </group> <!-- regression -->
      <group name="smoke">
        <method signature="Logintest.verifyBuildTitleName()[pri:-1, instance:test.Logintest@5acf93bb]" name="verifyBuildTitleName" class="test.Logintest"/>
        <method signature="Logintest.verifyCurrentUrlOfPage()[pri:1, instance:test.Logintest@5acf93bb]" name="verifyCurrentUrlOfPage" class="test.Logintest"/>
        <method signature="Logintest.verifyLoginWithCorrectCredentials()[pri:2, instance:test.Logintest@5acf93bb]" name="verifyLoginWithCorrectCredentials" class="test.Logintest"/>
        <method signature="Logintest.verifyTitleOfLoginPage()[pri:0, instance:test.Logintest@5acf93bb]" name="verifyTitleOfLoginPage" class="test.Logintest"/>
        <method signature="Logintest.verifyaaa()[pri:-2, instance:test.Logintest@5acf93bb]" name="verifyaaa" class="test.Logintest"/>
        <method signature="Logintest.verifyaaaAA()[pri:-3, instance:test.Logintest@5acf93bb]" name="verifyaaaAA" class="test.Logintest"/>
      </group> <!-- smoke -->
    </groups>
    <test started-at="2023-03-15T21:49:15 IST" name="Default test" finished-at="2023-03-15T21:49:23 IST" duration-ms="8052">
      <class name="test.Logintest">
        <test-method is-config="true" signature="initBrowser()[pri:0, instance:test.Logintest@5acf93bb]" started-at="2023-03-15T21:48:55 IST" name="initBrowser" finished-at="2023-03-15T21:49:15 IST" duration-ms="19304" status="PASS">
          <reporter-output>
          </reporter-output>
        </test-method> <!-- initBrowser -->
        <test-method is-config="true" signature="pageObjects()[pri:0, instance:test.Logintest@5acf93bb]" started-at="2023-03-15T21:49:15 IST" name="pageObjects" finished-at="2023-03-15T21:49:15 IST" duration-ms="45" status="PASS">
          <reporter-output>
          </reporter-output>
        </test-method> <!-- pageObjects -->
        <test-method signature="verifyaaaAA()[pri:-3, instance:test.Logintest@5acf93bb]" started-at="2023-03-15T21:49:15 IST" name="verifyaaaAA" finished-at="2023-03-15T21:49:15 IST" duration-ms="9" status="PASS">
          <reporter-output>
          </reporter-output>
        </test-method> <!-- verifyaaaAA -->
        <test-method signature="verifyaaa()[pri:-2, instance:test.Logintest@5acf93bb]" started-at="2023-03-15T21:49:15 IST" name="verifyaaa" finished-at="2023-03-15T21:49:15 IST" duration-ms="28" status="PASS">
          <reporter-output>
          </reporter-output>
        </test-method> <!-- verifyaaa -->
        <test-method signature="verifyBuildTitleName()[pri:-1, instance:test.Logintest@5acf93bb]" started-at="2023-03-15T21:49:15 IST" name="verifyBuildTitleName" finished-at="2023-03-15T21:49:15 IST" duration-ms="14" status="PASS">
          <reporter-output>
          </reporter-output>
        </test-method> <!-- verifyBuildTitleName -->
        <test-method signature="verifyTitleOfLoginPage()[pri:0, instance:test.Logintest@5acf93bb]" started-at="2023-03-15T21:49:15 IST" name="verifyTitleOfLoginPage" finished-at="2023-03-15T21:49:16 IST" duration-ms="1066" status="PASS">
          <reporter-output>
          </reporter-output>
        </test-method> <!-- verifyTitleOfLoginPage -->
        <test-method signature="verifyCurrentUrlOfPage()[pri:1, instance:test.Logintest@5acf93bb]" started-at="2023-03-15T21:49:16 IST" name="verifyCurrentUrlOfPage" finished-at="2023-03-15T21:49:16 IST" duration-ms="17" status="PASS">
          <reporter-output>
          </reporter-output>
        </test-method> <!-- verifyCurrentUrlOfPage -->
        <test-method signature="verifyLoginWithCorrectCredentials()[pri:2, instance:test.Logintest@5acf93bb]" started-at="2023-03-15T21:49:16 IST" name="verifyLoginWithCorrectCredentials" finished-at="2023-03-15T21:49:19 IST" duration-ms="3037" status="PASS">
          <reporter-output>
          </reporter-output>
        </test-method> <!-- verifyLoginWithCorrectCredentials -->
        <test-method is-config="true" signature="logOutUser()[pri:0, instance:test.Logintest@5acf93bb]" started-at="2023-03-15T21:49:19 IST" name="logOutUser" finished-at="2023-03-15T21:49:23 IST" duration-ms="3726" status="PASS">
          <reporter-output>
          </reporter-output>
        </test-method> <!-- logOutUser -->
        <test-method is-config="true" signature="logoutUser()[pri:0, instance:test.Logintest@5acf93bb]" started-at="2023-03-15T21:49:23 IST" name="logoutUser" finished-at="2023-03-15T21:49:24 IST" duration-ms="1295" status="PASS">
          <reporter-output>
          </reporter-output>
        </test-method> <!-- logoutUser -->
      </class> <!-- test.Logintest -->
    </test> <!-- Default test -->
  </suite> <!-- Default suite -->
</testng-results>
